2018-08-05 20:01:12.328  INFO 18976 --- [restartedMain] com.logback.LogbackPocApplication        : Starting LogbackPocApplication on DESKTOP-6H8KOQH with PID 18976 (S:\Work\Workspace\POC\logback-poc\target\classes started by SWARIT AGARWAL in S:\Work\Workspace\POC\logback-poc)
2018-08-05 20:01:12.332  INFO 18976 --- [restartedMain] com.logback.LogbackPocApplication        : No active profile set, falling back to default profiles: default
2018-08-05 20:01:12.340  INFO 18976 --- [restartedMain] ConfigServletWebServerApplicationContext : Refreshing org.springframework.boot.web.servlet.context.AnnotationConfigServletWebServerApplicationContext@45a3b138: startup date [Sun Aug 05 20:01:12 IST 2018]; root of context hierarchy
2018-08-05 20:01:12.963  INFO 18976 --- [restartedMain] o.s.b.w.embedded.tomcat.TomcatWebServer  : Tomcat initialized with port(s): 8080 (http)
2018-08-05 20:01:12.964  INFO 18976 --- [restartedMain] o.apache.catalina.core.StandardService   : Starting service [Tomcat]
2018-08-05 20:01:12.964  INFO 18976 --- [restartedMain] org.apache.catalina.core.StandardEngine  : Starting Servlet Engine: Apache Tomcat/8.5.32
2018-08-05 20:01:13.160  INFO 18976 --- [localhost-startStop-1] o.a.c.c.C.[Tomcat].[localhost].[/]       : Initializing Spring embedded WebApplicationContext
2018-08-05 20:01:13.161  INFO 18976 --- [localhost-startStop-1] o.s.web.context.ContextLoader            : Root WebApplicationContext: initialization completed in 821 ms
2018-08-05 20:01:13.173  INFO 18976 --- [localhost-startStop-1] o.s.b.w.servlet.ServletRegistrationBean  : Servlet dispatcherServlet mapped to [/]
2018-08-05 20:01:13.174  INFO 18976 --- [localhost-startStop-1] o.s.b.w.servlet.FilterRegistrationBean   : Mapping filter: 'characterEncodingFilter' to: [/*]
2018-08-05 20:01:13.174  INFO 18976 --- [localhost-startStop-1] o.s.b.w.servlet.FilterRegistrationBean   : Mapping filter: 'hiddenHttpMethodFilter' to: [/*]
2018-08-05 20:01:13.175  INFO 18976 --- [localhost-startStop-1] o.s.b.w.servlet.FilterRegistrationBean   : Mapping filter: 'httpPutFormContentFilter' to: [/*]
2018-08-05 20:01:13.175  INFO 18976 --- [localhost-startStop-1] o.s.b.w.servlet.FilterRegistrationBean   : Mapping filter: 'requestContextFilter' to: [/*]
2018-08-05 20:01:13.200  INFO 18976 --- [restartedMain] o.s.w.s.handler.SimpleUrlHandlerMapping  : Mapped URL path [/**/favicon.ico] onto handler of type [class org.springframework.web.servlet.resource.ResourceHttpRequestHandler]
2018-08-05 20:01:13.239  INFO 18976 --- [restartedMain] s.w.s.m.m.a.RequestMappingHandlerAdapter : Looking for @ControllerAdvice: org.springframework.boot.web.servlet.context.AnnotationConfigServletWebServerApplicationContext@45a3b138: startup date [Sun Aug 05 20:01:12 IST 2018]; root of context hierarchy
2018-08-05 20:01:13.247  INFO 18976 --- [restartedMain] s.w.s.m.m.a.RequestMappingHandlerMapping : Mapped "{[/]}" onto java.lang.String com.logback.controller.LoggerController.index()
2018-08-05 20:01:13.249  INFO 18976 --- [restartedMain] s.w.s.m.m.a.RequestMappingHandlerMapping : Mapped "{[/error]}" onto public org.springframework.http.ResponseEntity<java.util.Map<java.lang.String, java.lang.Object>> org.springframework.boot.autoconfigure.web.servlet.error.BasicErrorController.error(javax.servlet.http.HttpServletRequest)
2018-08-05 20:01:13.250  INFO 18976 --- [restartedMain] s.w.s.m.m.a.RequestMappingHandlerMapping : Mapped "{[/error],produces=[text/html]}" onto public org.springframework.web.servlet.ModelAndView org.springframework.boot.autoconfigure.web.servlet.error.BasicErrorController.errorHtml(javax.servlet.http.HttpServletRequest,javax.servlet.http.HttpServletResponse)
2018-08-05 20:01:13.258  INFO 18976 --- [restartedMain] o.s.w.s.handler.SimpleUrlHandlerMapping  : Mapped URL path [/webjars/**] onto handler of type [class org.springframework.web.servlet.resource.ResourceHttpRequestHandler]
2018-08-05 20:01:13.258  INFO 18976 --- [restartedMain] o.s.w.s.handler.SimpleUrlHandlerMapping  : Mapped URL path [/**] onto handler of type [class org.springframework.web.servlet.resource.ResourceHttpRequestHandler]
2018-08-05 20:01:13.315  INFO 18976 --- [restartedMain] o.s.b.d.a.OptionalLiveReloadServer       : LiveReload server is running on port 35729
2018-08-05 20:01:13.342  INFO 18976 --- [restartedMain] o.s.j.e.a.AnnotationMBeanExporter        : Registering beans for JMX exposure on startup
2018-08-05 20:01:13.380  INFO 18976 --- [restartedMain] o.s.b.w.embedded.tomcat.TomcatWebServer  : Tomcat started on port(s): 8080 (http) with context path ''
2018-08-05 20:01:13.381  INFO 18976 --- [restartedMain] com.logback.LogbackPocApplication        : Started LogbackPocApplication in 1.214 seconds (JVM running for 167.557)
2018-08-05 20:01:13.385  INFO 18976 --- [restartedMain] .ConditionEvaluationDeltaLoggingListener : Condition evaluation unchanged
2018-08-05 20:01:29.995  INFO 18976 --- [http-nio-8080-exec-1] o.a.c.c.C.[Tomcat].[localhost].[/]       : Initializing Spring FrameworkServlet 'dispatcherServlet'
2018-08-05 20:01:29.996  INFO 18976 --- [http-nio-8080-exec-1] o.s.web.servlet.DispatcherServlet        : FrameworkServlet 'dispatcherServlet': initialization started
2018-08-05 20:01:30.014  INFO 18976 --- [http-nio-8080-exec-1] o.s.web.servlet.DispatcherServlet        : FrameworkServlet 'dispatcherServlet': initialization completed in 18 ms
2018-08-05 20:01:30.016  INFO 18976 --- [http-nio-8080-exec-1] com.logback.controller.LoggerController  : This is an info message
2018-08-05 20:01:30.020  WARN 18976 --- [http-nio-8080-exec-1] com.logback.controller.LoggerController  : This is a warn message
2018-08-05 20:01:30.020 ERROR 18976 --- [http-nio-8080-exec-1] com.logback.controller.LoggerController  : This is an error message
2018-08-05 20:02:15.236  INFO 18976 --- [Thread-10] ConfigServletWebServerApplicationContext : Closing org.springframework.boot.web.servlet.context.AnnotationConfigServletWebServerApplicationContext@45a3b138: startup date [Sun Aug 05 20:01:12 IST 2018]; root of context hierarchy
2018-08-05 20:02:15.247  INFO 18976 --- [Thread-10] o.s.j.e.a.AnnotationMBeanExporter        : Unregistering JMX-exposed beans on shutdown
2018-08-05 20:02:17.153  INFO 18976 --- [restartedMain] com.logback.LogbackPocApplication        : Starting LogbackPocApplication on DESKTOP-6H8KOQH with PID 18976 (S:\Work\Workspace\POC\logback-poc\target\classes started by SWARIT AGARWAL in S:\Work\Workspace\POC\logback-poc)
2018-08-05 20:02:17.153  INFO 18976 --- [restartedMain] com.logback.LogbackPocApplication        : No active profile set, falling back to default profiles: default
2018-08-05 20:02:17.166  INFO 18976 --- [restartedMain] ConfigServletWebServerApplicationContext : Refreshing org.springframework.boot.web.servlet.context.AnnotationConfigServletWebServerApplicationContext@3f778af6: startup date [Sun Aug 05 20:02:17 IST 2018]; root of context hierarchy
2018-08-05 20:02:19.142  INFO 18976 --- [restartedMain] o.s.b.w.embedded.tomcat.TomcatWebServer  : Tomcat initialized with port(s): 8080 (http)
2018-08-05 20:02:19.147  INFO 18976 --- [restartedMain] o.apache.catalina.core.StandardService   : Starting service [Tomcat]
2018-08-05 20:02:19.147  INFO 18976 --- [restartedMain] org.apache.catalina.core.StandardEngine  : Starting Servlet Engine: Apache Tomcat/8.5.32
2018-08-05 20:02:19.403  INFO 18976 --- [localhost-startStop-1] o.a.c.c.C.[Tomcat].[localhost].[/]       : Initializing Spring embedded WebApplicationContext
2018-08-05 20:02:19.404  INFO 18976 --- [localhost-startStop-1] o.s.web.context.ContextLoader            : Root WebApplicationContext: initialization completed in 2238 ms
2018-08-05 20:02:19.414  INFO 18976 --- [localhost-startStop-1] o.s.b.w.servlet.ServletRegistrationBean  : Servlet dispatcherServlet mapped to [/]
2018-08-05 20:02:19.415  INFO 18976 --- [localhost-startStop-1] o.s.b.w.servlet.FilterRegistrationBean   : Mapping filter: 'characterEncodingFilter' to: [/*]
2018-08-05 20:02:19.419  INFO 18976 --- [localhost-startStop-1] o.s.b.w.servlet.FilterRegistrationBean   : Mapping filter: 'hiddenHttpMethodFilter' to: [/*]
2018-08-05 20:02:19.419  INFO 18976 --- [localhost-startStop-1] o.s.b.w.servlet.FilterRegistrationBean   : Mapping filter: 'httpPutFormContentFilter' to: [/*]
2018-08-05 20:02:19.420  INFO 18976 --- [localhost-startStop-1] o.s.b.w.servlet.FilterRegistrationBean   : Mapping filter: 'requestContextFilter' to: [/*]
2018-08-05 20:02:19.459  INFO 18976 --- [restartedMain] o.s.w.s.handler.SimpleUrlHandlerMapping  : Mapped URL path [/**/favicon.ico] onto handler of type [class org.springframework.web.servlet.resource.ResourceHttpRequestHandler]
2018-08-05 20:02:19.607  INFO 18976 --- [restartedMain] s.w.s.m.m.a.RequestMappingHandlerAdapter : Looking for @ControllerAdvice: org.springframework.boot.web.servlet.context.AnnotationConfigServletWebServerApplicationContext@3f778af6: startup date [Sun Aug 05 20:02:17 IST 2018]; root of context hierarchy
2018-08-05 20:02:19.636  INFO 18976 --- [restartedMain] s.w.s.m.m.a.RequestMappingHandlerMapping : Mapped "{[/]}" onto public java.lang.String com.logback.controller.LoggerController.index()
2018-08-05 20:02:19.652  INFO 18976 --- [restartedMain] s.w.s.m.m.a.RequestMappingHandlerMapping : Mapped "{[/error]}" onto public org.springframework.http.ResponseEntity<java.util.Map<java.lang.String, java.lang.Object>> org.springframework.boot.autoconfigure.web.servlet.error.BasicErrorController.error(javax.servlet.http.HttpServletRequest)
2018-08-05 20:02:19.653  INFO 18976 --- [restartedMain] s.w.s.m.m.a.RequestMappingHandlerMapping : Mapped "{[/error],produces=[text/html]}" onto public org.springframework.web.servlet.ModelAndView org.springframework.boot.autoconfigure.web.servlet.error.BasicErrorController.errorHtml(javax.servlet.http.HttpServletRequest,javax.servlet.http.HttpServletResponse)
2018-08-05 20:02:19.693  INFO 18976 --- [restartedMain] o.s.w.s.handler.SimpleUrlHandlerMapping  : Mapped URL path [/webjars/**] onto handler of type [class org.springframework.web.servlet.resource.ResourceHttpRequestHandler]
2018-08-05 20:02:19.772  INFO 18976 --- [restartedMain] o.s.w.s.handler.SimpleUrlHandlerMapping  : Mapped URL path [/**] onto handler of type [class org.springframework.web.servlet.resource.ResourceHttpRequestHandler]
2018-08-05 20:02:20.285  INFO 18976 --- [restartedMain] o.s.b.d.a.OptionalLiveReloadServer       : LiveReload server is running on port 35729
2018-08-05 20:02:20.449  INFO 18976 --- [restartedMain] o.s.j.e.a.AnnotationMBeanExporter        : Registering beans for JMX exposure on startup
2018-08-05 20:02:20.687  INFO 18976 --- [restartedMain] o.s.b.w.embedded.tomcat.TomcatWebServer  : Tomcat started on port(s): 8080 (http) with context path ''
2018-08-05 20:02:20.692  INFO 18976 --- [restartedMain] com.logback.LogbackPocApplication        : Started LogbackPocApplication in 3.683 seconds (JVM running for 234.867)
2018-08-05 20:02:20.703  INFO 18976 --- [restartedMain] .ConditionEvaluationDeltaLoggingListener : Condition evaluation unchanged
2018-08-05 20:02:27.023  INFO 18976 --- [http-nio-8080-exec-10] o.a.c.c.C.[Tomcat].[localhost].[/]       : Initializing Spring FrameworkServlet 'dispatcherServlet'
2018-08-05 20:02:27.023  INFO 18976 --- [http-nio-8080-exec-10] o.s.web.servlet.DispatcherServlet        : FrameworkServlet 'dispatcherServlet': initialization started
2018-08-05 20:02:27.037  INFO 18976 --- [http-nio-8080-exec-10] o.s.web.servlet.DispatcherServlet        : FrameworkServlet 'dispatcherServlet': initialization completed in 10 ms
2018-08-05 20:02:27.041 DEBUG 18976 --- [http-nio-8080-exec-10] com.logback.controller.LoggerController  : This is a debug message
2018-08-05 20:02:27.041  INFO 18976 --- [http-nio-8080-exec-10] com.logback.controller.LoggerController  : This is an info message
2018-08-05 20:02:27.045  WARN 18976 --- [http-nio-8080-exec-10] com.logback.controller.LoggerController  : This is a warn message
2018-08-05 20:02:27.045 ERROR 18976 --- [http-nio-8080-exec-10] com.logback.controller.LoggerController  : This is an error message
2018-08-05 20:04:30.229  INFO 18976 --- [RMI TCP Connection(2)-127.0.0.1] inMXBeanRegistrar$SpringApplicationAdmin : Application shutdown requested.
2018-08-05 20:04:30.231  INFO 18976 --- [RMI TCP Connection(2)-127.0.0.1] ConfigServletWebServerApplicationContext : Closing org.springframework.boot.web.servlet.context.AnnotationConfigServletWebServerApplicationContext@3f778af6: startup date [Sun Aug 05 20:02:17 IST 2018]; root of context hierarchy
2018-08-05 20:04:30.234  INFO 18976 --- [RMI TCP Connection(2)-127.0.0.1] o.s.j.e.a.AnnotationMBeanExporter        : Unregistering JMX-exposed beans on shutdown
